<?xml version="1.0" encoding="UTF-8"?>
<!-- Generated by org.testng.reporters.JUnitReportReporter -->
<testsuite hostname="Pavitra" failures="0" tests="3" name="day42_testng.Testng_demo" time="0.016" errors="0" timestamp="2024-08-05T15:36:31 IST" skipped="0">
  <testcase classname="day42_testng.Testng_demo" name="openapp" time="0.012"/>
  <system-out/>
  <testcase classname="day42_testng.Testng_demo" name="login" time="0.002"/>
  <system-out/>
  <testcase classname="day42_testng.Testng_demo" name="logout" time="0.002"/>
  <system-out/>
</testsuite> <!-- day42_testng.Testng_demo -->
