<?xml version="1.0" encoding="UTF-8"?>
<!-- Generated by org.testng.reporters.JUnitReportReporter -->
<testsuite hostname="Pavitra" failures="0" tests="2" name="Day43_testng.BeforeSuite_AfterSuite" time="0.012" errors="0" timestamp="2024-08-06T12:20:11 IST" skipped="0">
  <testcase classname="Day43_testng.BeforeSuite_AfterSuite" name="abc" time="0.002"/>
  <system-out/>
  <testcase classname="Day43_testng.BeforeSuite_AfterSuite" name="abc" time="0.010"/>
  <system-out/>
</testsuite> <!-- Day43_testng.BeforeSuite_AfterSuite -->
