<?xml version="1.0" encoding="UTF-8"?>
<!-- Generated by org.testng.reporters.JUnitReportReporter -->
<testsuite hostname="Pavitra" failures="0" tests="2" name="Day41_testng.Testng_BeforeClass_AfterClass" time="0.010" errors="0" timestamp="2024-08-06T11:11:01 IST" skipped="0">
  <testcase classname="Day41_testng.Testng_BeforeClass_AfterClass" name="search" time="0.004"/>
  <system-out/>
  <testcase classname="Day41_testng.Testng_BeforeClass_AfterClass" name="advsearch" time="0.006"/>
  <system-out/>
</testsuite> <!-- Day41_testng.Testng_BeforeClass_AfterClass -->
