<?xml version="1.0" encoding="UTF-8"?>
<!-- Generated by org.testng.reporters.JUnitReportReporter -->
<testsuite hostname="Pavitra" failures="0" tests="1" name="Pageobjectmodel.Login_testcase" time="3.258" errors="0" timestamp="2024-08-12T18:42:29 IST" skipped="0">
  <testcase classname="Pageobjectmodel.Login_testcase" name="TestLogin" time="3.258"/>
  <system-out/>
</testsuite> <!-- Pageobjectmodel.Login_testcase -->
