<?xml version="1.0" encoding="UTF-8"?>
<!-- Generated by org.testng.reporters.JUnitReportReporter -->
<testsuite hostname="Pavitra" failures="0" tests="2" name="Day43_testng.BeforeTest_AfterTest_demo_Part2" time="0.004" errors="0" timestamp="2024-08-06T12:20:11 IST" skipped="0">
  <testcase classname="Day43_testng.BeforeTest_AfterTest_demo_Part2" name="xyz" time="0.002"/>
  <system-out/>
  <testcase classname="Day43_testng.BeforeTest_AfterTest_demo_Part2" name="xyz" time="0.002"/>
  <system-out/>
</testsuite> <!-- Day43_testng.BeforeTest_AfterTest_demo_Part2 -->
