<?xml version="1.0" encoding="UTF-8"?>
<!-- Generated by org.testng.reporters.JUnitReportReporter -->
<testsuite hostname="Pavitra" failures="0" tests="2" name="com.practice.Login_01" time="0.103" errors="0" timestamp="2024-08-06T14:50:04 IST" skipped="0">
  <testcase classname="com.practice.Login_01" name="search" time="0.008"/>
  <system-out/>
  <testcase classname="com.practice.Login_01" name="adavancesearch" time="0.095"/>
  <system-out/>
</testsuite> <!-- com.practice.Login_01 -->
