<?xml version="1.0" encoding="UTF-8"?>
<!-- Generated by org.testng.reporters.JUnitReportReporter -->
<testsuite hostname="Pavitra" failures="0" tests="2" name="Day44_testng_dependency_methods.Groupingmethod_paymenttest" time="0.014" errors="0" timestamp="2024-08-07T11:28:24 IST" skipped="0">
  <testcase classname="Day44_testng_dependency_methods.Groupingmethod_paymenttest" name="paymentinRupees" time="0.011"/>
  <system-out/>
  <testcase classname="Day44_testng_dependency_methods.Groupingmethod_paymenttest" name="paymentinDollars" time="0.003"/>
  <system-out/>
</testsuite> <!-- Day44_testng_dependency_methods.Groupingmethod_paymenttest -->
