<?xml version="1.0" encoding="UTF-8"?>
<!-- Generated by org.testng.reporters.JUnitReportReporter -->
<testsuite hostname="Pavitra" failures="0" tests="1" name="Day43_testng.Testng_BeforeTest_AfterTest" time="0.025" errors="0" timestamp="2024-08-20T11:32:27 IST" skipped="0">
  <testcase classname="Day43_testng.Testng_BeforeTest_AfterTest" name="abc" time="0.025"/>
  <system-out/>
</testsuite> <!-- Day43_testng.Testng_BeforeTest_AfterTest -->
