<?xml version="1.0" encoding="UTF-8"?>
<!-- Generated by org.testng.reporters.JUnitReportReporter -->
<testsuite hostname="Pavitra" failures="0" tests="2" name="day43_annotations.All_annatations" time="0.020" errors="0" timestamp="2024-08-06T12:42:45 IST" skipped="0">
  <testcase classname="day43_annotations.All_annatations" name="tp1" time="0.009"/>
  <system-out/>
  <testcase classname="day43_annotations.All_annatations" name="tp2" time="0.011"/>
  <system-out/>
</testsuite> <!-- day43_annotations.All_annatations -->
