<?xml version="1.0" encoding="UTF-8"?>
<!-- Generated by org.testng.reporters.JUnitReportReporter -->
<testsuite hostname="Pavitra" failures="0" tests="2" name="day43_annotations.Annotations_methods" time="0.022" errors="0" timestamp="2024-08-06T10:52:16 IST" skipped="0">
  <testcase classname="day43_annotations.Annotations_methods" name="serach" time="0.013"/>
  <system-out/>
  <testcase classname="day43_annotations.Annotations_methods" name="advancedsearch" time="0.009"/>
  <system-out/>
</testsuite> <!-- day43_annotations.Annotations_methods -->
