<?xml version="1.0" encoding="UTF-8"?>
<!-- Generated by org.testng.reporters.JUnitReportReporter -->
<testsuite hostname="Pavitra" failures="0" tests="3" name="Day44_testng_dependency_methods.groupingconcepts_signuptest" time="0.014" errors="0" timestamp="2024-08-07T11:23:50 IST" skipped="0">
  <testcase classname="Day44_testng_dependency_methods.groupingconcepts_signuptest" name="signupbyemail" time="0.010"/>
  <system-out/>
  <testcase classname="Day44_testng_dependency_methods.groupingconcepts_signuptest" name="signupbyfacebook" time="0.002"/>
  <system-out/>
  <testcase classname="Day44_testng_dependency_methods.groupingconcepts_signuptest" name="signupbytwitter" time="0.002"/>
  <system-out/>
</testsuite> <!-- Day44_testng_dependency_methods.groupingconcepts_signuptest -->
