<?xml version="1.0" encoding="UTF-8"?>
<!-- Generated by org.testng.reporters.JUnitReportReporter -->
<testsuite hostname="Pavitra" failures="0" tests="1" name="Day43_testng.Hardassetion_softassertion" time="0.178" errors="0" timestamp="2024-08-06T16:43:12 IST" skipped="0">
  <testcase classname="Day43_testng.Hardassetion_softassertion" name="softAssertion" time="0.178"/>
  <system-out/>
</testsuite> <!-- Day43_testng.Hardassetion_softassertion -->
