<?xml version="1.0" encoding="UTF-8"?>
<!-- Generated by org.testng.reporters.JUnitReportReporter -->
<testsuite hostname="Pavitra" failures="0" tests="3" name="Day44_testng_dependency_methods.Groupingconcepts_logintest" time="0.016" errors="0" timestamp="2024-08-07T12:23:35 IST" skipped="0">
  <testcase classname="Day44_testng_dependency_methods.Groupingconcepts_logintest" name="loginbyemail" time="0.011"/>
  <system-out/>
  <testcase classname="Day44_testng_dependency_methods.Groupingconcepts_logintest" name="loginbyfacebook" time="0.002"/>
  <system-out/>
  <testcase classname="Day44_testng_dependency_methods.Groupingconcepts_logintest" name="loginbyTwitter" time="0.003"/>
  <system-out/>
</testsuite> <!-- Day44_testng_dependency_methods.Groupingconcepts_logintest -->
