<?xml version="1.0" encoding="UTF-8"?>
<!-- Generated by org.testng.reporters.JUnitReportReporter -->
<testsuite hostname="Pavitra" failures="0" tests="5" name="Day44_testng_dependency_methods.dependency_methods_testng" time="0.020" errors="0" timestamp="2024-08-07T10:48:02 IST" skipped="0">
  <testcase classname="Day44_testng_dependency_methods.dependency_methods_testng" name="openapp" time="0.012"/>
  <system-out/>
  <testcase classname="Day44_testng_dependency_methods.dependency_methods_testng" name="login" time="0.002"/>
  <system-out/>
  <testcase classname="Day44_testng_dependency_methods.dependency_methods_testng" name="search" time="0.001"/>
  <system-out/>
  <testcase classname="Day44_testng_dependency_methods.dependency_methods_testng" name="addsearch" time="0.003"/>
  <system-out/>
  <testcase classname="Day44_testng_dependency_methods.dependency_methods_testng" name="logout" time="0.002"/>
  <system-out/>
</testsuite> <!-- Day44_testng_dependency_methods.dependency_methods_testng -->
